<?xml version="1.0" encoding="UTF-8"?>
<!-- Generated by org.testng.reporters.JUnitReportReporter -->
<testsuite hostname="DESKTOP-TOBE26C" failures="0" tests="3" name="com.juaracoding.test.SauceDemo.step_definitions.RunnerTest" time="15.419" errors="0" timestamp="2024-07-12T13:24:24 WIB" skipped="0">
  <testcase classname="com.juaracoding.test.SauceDemo.step_definitions.RunnerTest" name="runScenario" time="0.782"/>
  <system-out/>
  <testcase classname="com.juaracoding.test.SauceDemo.step_definitions.RunnerTest" name="runScenario" time="0.546"/>
  <system-out/>
  <testcase classname="com.juaracoding.test.SauceDemo.step_definitions.RunnerTest" name="runScenario" time="14.091"/>
  <system-out/>
</testsuite> <!-- com.juaracoding.test.SauceDemo.step_definitions.RunnerTest -->
